#
# A fatal error has been detected by the Java Runtime Environment:
#
#  SIGSEGV (0xb) at pc=0x0000000108705358, pid=35150, tid=17155
#
# JRE version: Java(TM) SE Runtime Environment (8.0_91-b14) (build 1.8.0_91-b14)
# Java VM: Java HotSpot(TM) 64-Bit Server VM (25.91-b14 mixed mode bsd-amd64 compressed oops)
# Problematic frame:
# V  [libjvm.dylib+0x448358]
#
# Failed to write core dump. Core dumps have been disabled. To enable core dumping, try "ulimit -c unlimited" before starting Java again
#
# If you would like to submit a bug report, please visit:
#   http://bugreport.java.com/bugreport/crash.jsp
#

---------------  T H R E A D  ---------------

Current thread (0x00007fa3ac00a800):  JavaThread "JDWP Transport Listener: dt_socket" daemon [_thread_in_vm, id=17155, stack(0x0000700000b3b000,0x0000700000c3b000)]

siginfo: si_signo: 11 (SIGSEGV), si_code: 1 (SEGV_MAPERR), si_addr: 0x00007fa300000002

Registers:
RAX=0x0000000000000001, RBX=0x0000700000c3aa8b, RCX=0x0000000108ad5340, RDX=0x0000700000c3aa8b
RSP=0x0000700000c3a9d0, RBP=0x0000700000c3a9e0, RSI=0x00007fa3ac00a800, RDI=0x00007fa300000002
R8 =0x0000000000000000, R9 =0x00007fa3aa503b10, R10=0x00000000038e17e9, R11=0x00007fa3aa500000
R12=0x00007fa3ac00a800, R13=0x00007fa300000002, R14=0x00007fa300000002, R15=0x00007fa3aa6000e0
RIP=0x0000000108705358, EFLAGS=0x0000000000010202, ERR=0x0000000000000004
  TRAPNO=0x000000000000000e

Top of Stack: (sp=0x0000700000c3a9d0)
0x0000700000c3a9d0:   0000700000c3aa8b 0000700000c3aa8b
0x0000700000c3a9e0:   0000700000c3aa40 0000000108614316
0x0000700000c3a9f0:   00007fa3ac00a800 0000000000000000
0x0000700000c3aa00:   0000000000000000 0000000000000000
0x0000700000c3aa10:   00007fa3ac00a800 00007fa3ac00a800
0x0000700000c3aa20:   0000700000c3aa8b 0000700000c3aa90
0x0000700000c3aa30:   00007fa300000002 0000000000000002
0x0000700000c3aa40:   0000700000c3aa60 00000001092b5780
0x0000700000c3aa50:   0000000000000001 0000700000c3ab08
0x0000700000c3aa60:   0000700000c3aad0 000000010929a1f3
0x0000700000c3aa70:   0000700000c3aaa0 00007fa3aa5023e0
0x0000700000c3aa80:   0000000300000032 0000000900c3ab08
0x0000700000c3aa90:   0000000000000000 0000000000000000
0x0000700000c3aaa0:   0000000000000000 0000700000c3ac90
0x0000700000c3aab0:   00000001092bce7a 00007fa3aa502d30
0x0000700000c3aac0:   0000700000c3ab08 00000001092c8598
0x0000700000c3aad0:   0000700000c3aae0 000000010929a2ec
0x0000700000c3aae0:   0000700000c3ad00 00000001092a3898
0x0000700000c3aaf0:   0000123100000013 00000000000f0200
0x0000700000c3ab00:   00007fa3aa508870 0000700000c3abad
0x0000700000c3ab10:   00007fa3000000d7 0000700000c3ab20
0x0000700000c3ab20:   00007fa300000055 0000700000c3ab58
0x0000700000c3ab30:   0000000000000000 0000000000000000
0x0000700000c3ab40:   000012310000000f 0000000000000080
0x0000700000c3ab50:   0000700000c3ab58 a37f000003000000
0x0000700000c3ab60:   0400000000b261aa 0300000069637463
0x0000700000c3ab70:   0000000000562928 aaa37f00000a0000
0x0000700000c3ab80:   6d04000000d8b161 28160000006e6961
0x0000700000c3ab90:   6c2f6176616a4c5b 697274532f676e61
0x0000700000c3aba0:   00000056293b676e 4000000900000000
0x0000700000c3abb0:   0000000013000000 130000003c000000
0x0000700000c3abc0:   3f00000000000000 0000000014000000 

Instructions: (pc=0x0000000108705358)
0x0000000108705338:   40 48 48 85 c0 75 e0 30 c0 0f b6 c0 5d c3 31 c0
0x0000000108705348:   5d c3 55 48 89 e5 53 48 83 ec 08 48 85 ff 74 24
0x0000000108705358:   48 8b 1f 48 85 db 74 1c 48 83 fb 37 74 16 48 8b
0x0000000108705368:   03 48 89 df ff 50 10 84 c0 b8 00 00 00 00 48 0f 

Register to memory mapping:

RAX=0x0000000000000001 is an unknown value
RBX=0x0000700000c3aa8b is pointing into the stack for thread: 0x00007fa3ac00a800
RCX=0x0000000108ad5340: UseMembar+0 in /Library/Java/JavaVirtualMachines/jdk1.8.0_91.jdk/Contents/Home/jre/lib/server/libjvm.dylib at 0x00000001082bd000
RDX=0x0000700000c3aa8b is pointing into the stack for thread: 0x00007fa3ac00a800
RSP=0x0000700000c3a9d0 is pointing into the stack for thread: 0x00007fa3ac00a800
RBP=0x0000700000c3a9e0 is pointing into the stack for thread: 0x00007fa3ac00a800
RSI=0x00007fa3ac00a800 is a thread
RDI=0x00007fa300000002 is an unknown value
R8 =0x0000000000000000 is an unknown value
R9 =0x00007fa3aa503b10 is an unknown value
R10=0x00000000038e17e9 is an unknown value
R11=0x00007fa3aa500000 is an unknown value
R12=0x00007fa3ac00a800 is a thread
R13=0x00007fa300000002 is an unknown value
R14=0x00007fa300000002 is an unknown value
R15=0x00007fa3aa6000e0 is an unknown value


Stack: [0x0000700000b3b000,0x0000700000c3b000],  sp=0x0000700000c3a9d0,  free space=1022k
Native frames: (J=compiled Java code, j=interpreted, Vv=VM code, C=native code)
V  [libjvm.dylib+0x448358]
V  [libjvm.dylib+0x357316]
C  [libjdwp.dylib+0x20780]  isMethodSynthetic+0x63
C  [libjdwp.dylib+0x51f3]  methods1+0x10b
C  [libjdwp.dylib+0x52ec]  methodsWithGeneric+0xe
C  [libjdwp.dylib+0xe898]  debugLoop_run+0x1ce
C  [libjdwp.dylib+0x1f6ba]  attachThread+0x4d
V  [libjvm.dylib+0x39867c]
V  [libjvm.dylib+0x563d17]
V  [libjvm.dylib+0x565412]
V  [libjvm.dylib+0x484f82]
C  [libsystem_pthread.dylib+0x399d]  _pthread_body+0x83
C  [libsystem_pthread.dylib+0x391a]  _pthread_body+0x0
C  [libsystem_pthread.dylib+0x1351]  thread_start+0xd
C  0x0000000000000000


---------------  P R O C E S S  ---------------

Java Threads: ( => current thread )
  0x00007fa3ab006000 JavaThread "Service Thread" daemon [_thread_blocked, id=20227, stack(0x000070000114d000,0x000070000124d000)]
  0x00007fa3ab80d800 JavaThread "C1 CompilerThread2" daemon [_thread_blocked, id=19715, stack(0x000070000104a000,0x000070000114a000)]
  0x00007fa3aa8b5000 JavaThread "C2 CompilerThread1" daemon [_thread_blocked, id=19203, stack(0x0000700000f47000,0x0000700001047000)]
  0x00007fa3aa85f000 JavaThread "C2 CompilerThread0" daemon [_thread_blocked, id=18691, stack(0x0000700000e44000,0x0000700000f44000)]
  0x00007fa3ab815000 JavaThread "JDWP Command Reader" daemon [_thread_in_native, id=18179, stack(0x0000700000d41000,0x0000700000e41000)]
  0x00007fa3ac00b800 JavaThread "JDWP Event Helper Thread" daemon [_thread_blocked, id=17667, stack(0x0000700000c3e000,0x0000700000d3e000)]
=>0x00007fa3ac00a800 JavaThread "JDWP Transport Listener: dt_socket" daemon [_thread_in_vm, id=17155, stack(0x0000700000b3b000,0x0000700000c3b000)]
  0x00007fa3ab80f000 JavaThread "Signal Dispatcher" daemon [_thread_blocked, id=12815, stack(0x0000700000a38000,0x0000700000b38000)]
  0x00007fa3ac007000 JavaThread "Finalizer" daemon [_thread_blocked, id=11779, stack(0x000070000082f000,0x000070000092f000)]
  0x00007fa3ab806800 JavaThread "Reference Handler" daemon [_thread_blocked, id=11267, stack(0x000070000072c000,0x000070000082c000)]
  0x00007fa3aa828000 JavaThread "main" [_thread_blocked, id=4099, stack(0x0000700000084000,0x0000700000184000)]

Other Threads:
  0x00007fa3aa882800 VMThread [stack: 0x0000700000629000,0x0000700000729000] [id=10755]
  0x00007fa3aa8b5800 WatcherThread [stack: 0x0000700001250000,0x0000700001350000] [id=20739]

VM state:not at safepoint (normal execution)

VM Mutex/Monitor currently owned by a thread: None

Heap:
 PSYoungGen      total 38400K, used 2662K [0x0000000795580000, 0x0000000798000000, 0x00000007c0000000)
  eden space 33280K, 8% used [0x0000000795580000,0x0000000795819a40,0x0000000797600000)
  from space 5120K, 0% used [0x0000000797b00000,0x0000000797b00000,0x0000000798000000)
  to   space 5120K, 0% used [0x0000000797600000,0x0000000797600000,0x0000000797b00000)
 ParOldGen       total 87552K, used 0K [0x0000000740000000, 0x0000000745580000, 0x0000000795580000)
  object space 87552K, 0% used [0x0000000740000000,0x0000000740000000,0x0000000745580000)
 Metaspace       used 2717K, capacity 4566K, committed 4864K, reserved 1056768K
  class space    used 291K, capacity 390K, committed 512K, reserved 1048576K

Card table byte_map: [0x0000000119000000,0x0000000119401000] byte_map_base: 0x0000000115600000

Marking Bits: (ParMarkBitMap*) 0x0000000108ba3eb0
 Begin Bits: [0x00000001196ac000, 0x000000011b6ac000)
 End Bits:   [0x000000011b6ac000, 0x000000011d6ac000)

Polling page: 0x0000000109294000

CodeCache: size=245760Kb used=1121Kb max_used=1121Kb free=244638Kb
 bounds [0x00000001092f6000, 0x0000000109566000, 0x00000001182f6000]
 total_blobs=266 nmethods=43 adapters=145
 compilation: enabled

Compilation events (10 events):
Event: 0.275 Thread 0x00007fa3ab80d800   39       3       java.util.Arrays::copyOf (19 bytes)
Event: 0.275 Thread 0x00007fa3ab80d800 nmethod 39 0x000000010940cc10 code [0x000000010940cda0, 0x000000010940d0c8]
Event: 0.275 Thread 0x00007fa3ab80d800   40       1       java.util.ArrayList::size (5 bytes)
Event: 0.275 Thread 0x00007fa3ab80d800 nmethod 40 0x000000010940d210 code [0x000000010940d360, 0x000000010940d470]
Event: 0.301 Thread 0x00007fa3ab80d800   41       3       java.lang.String::startsWith (7 bytes)
Event: 0.301 Thread 0x00007fa3ab80d800 nmethod 41 0x000000010940d4d0 code [0x000000010940d640, 0x000000010940d868]
Event: 0.301 Thread 0x00007fa3ab80d800   42       3       java.lang.AbstractStringBuilder::expandCapacity (50 bytes)
Event: 0.302 Thread 0x00007fa3ab80d800 nmethod 42 0x000000010940d910 code [0x000000010940dac0, 0x000000010940e038]
Event: 0.302 Thread 0x00007fa3ab80d800   43       3       java.util.BitSet::wordIndex (5 bytes)
Event: 0.302 Thread 0x00007fa3ab80d800 nmethod 43 0x000000010940e290 code [0x000000010940e3e0, 0x000000010940e510]

GC Heap History (0 events):
No events

Deoptimization events (0 events):
No events

Internal exceptions (2 events):
Event: 0.024 Thread 0x00007fa3aa828000 Exception <a 'java/lang/NoSuchMethodError': Method sun.misc.Unsafe.defineClass(Ljava/lang/String;[BII)Ljava/lang/Class; name or signature does not match> (0x0000000795587cc0) thrown at [/Users/java_re/workspace/8-2-build-macosx-x86_64/jdk8u91/6644/hotspot
Event: 0.024 Thread 0x00007fa3aa828000 Exception <a 'java/lang/NoSuchMethodError': Method sun.misc.Unsafe.prefetchRead(Ljava/lang/Object;J)V name or signature does not match> (0x0000000795587fa8) thrown at [/Users/java_re/workspace/8-2-build-macosx-x86_64/jdk8u91/6644/hotspot/src/share/vm/prim

Events (10 events):
Event: 488.323 Executing VM operation: ChangeBreakpoints
Event: 488.324 Executing VM operation: ChangeBreakpoints done
Event: 488.325 Executing VM operation: ChangeBreakpoints
Event: 488.325 Executing VM operation: ChangeBreakpoints done
Event: 2494.485 Executing VM operation: ChangeBreakpoints
Event: 2494.485 Executing VM operation: ChangeBreakpoints done
Event: 2494.485 Executing VM operation: ChangeBreakpoints
Event: 2494.485 Executing VM operation: ChangeBreakpoints done
Event: 2494.489 Executing VM operation: RedefineClasses
Event: 2494.491 Executing VM operation: RedefineClasses done


Dynamic libraries:
0x000000000a2f7000 	/System/Library/Frameworks/Cocoa.framework/Versions/A/Cocoa
0x000000000a2f7000 	/System/Library/Frameworks/Security.framework/Versions/A/Security
0x000000000a2f7000 	/System/Library/Frameworks/ApplicationServices.framework/Versions/A/ApplicationServices
0x000000000a2f7000 	/usr/lib/libz.1.dylib
0x000000000a2f7000 	/usr/lib/libSystem.B.dylib
0x000000000a2f7000 	/usr/lib/libobjc.A.dylib
0x000000000a2f7000 	/System/Library/Frameworks/CoreFoundation.framework/Versions/A/CoreFoundation
0x000000000a2f7000 	/System/Library/Frameworks/Foundation.framework/Versions/C/Foundation
0x000000000a2f7000 	/System/Library/Frameworks/AppKit.framework/Versions/C/AppKit
0x000000000a2f7000 	/System/Library/Frameworks/CoreData.framework/Versions/A/CoreData
0x000000000a2f7000 	/System/Library/PrivateFrameworks/RemoteViewServices.framework/Versions/A/RemoteViewServices
0x000000000a2f7000 	/System/Library/PrivateFrameworks/UIFoundation.framework/Versions/A/UIFoundation
0x000000000a2f7000 	/usr/lib/libScreenReader.dylib
0x000000000a2f7000 	/System/Library/Frameworks/Accelerate.framework/Versions/A/Accelerate
0x000000000a2f7000 	/System/Library/Frameworks/IOSurface.framework/Versions/A/IOSurface
0x000000000a2f7000 	/System/Library/Frameworks/AudioToolbox.framework/Versions/A/AudioToolbox
0x000000000a2f7000 	/System/Library/Frameworks/AudioUnit.framework/Versions/A/AudioUnit
0x000000000a2f7000 	/System/Library/PrivateFrameworks/DataDetectorsCore.framework/Versions/A/DataDetectorsCore
0x000000000a2f7000 	/System/Library/PrivateFrameworks/DesktopServicesPriv.framework/Versions/A/DesktopServicesPriv
0x000000000a2f7000 	/System/Library/Frameworks/Carbon.framework/Versions/A/Frameworks/HIToolbox.framework/Versions/A/HIToolbox
0x000000000a2f7000 	/System/Library/Frameworks/QuartzCore.framework/Versions/A/QuartzCore
0x000000000a2f7000 	/System/Library/Frameworks/Carbon.framework/Versions/A/Frameworks/SpeechRecognition.framework/Versions/A/SpeechRecognition
0x000000000a2f7000 	/usr/lib/libauto.dylib
0x000000000a2f7000 	/usr/lib/libicucore.A.dylib
0x000000000a2f7000 	/usr/lib/libxml2.2.dylib
0x000000000a2f7000 	/System/Library/PrivateFrameworks/CoreUI.framework/Versions/A/CoreUI
0x000000000a2f7000 	/System/Library/Frameworks/CoreAudio.framework/Versions/A/CoreAudio
0x000000000a2f7000 	/System/Library/Frameworks/DiskArbitration.framework/Versions/A/DiskArbitration
0x000000000a2f7000 	/usr/lib/liblangid.dylib
0x000000000a2f7000 	/System/Library/PrivateFrameworks/MultitouchSupport.framework/Versions/A/MultitouchSupport
0x000000000a2f7000 	/System/Library/Frameworks/IOKit.framework/Versions/A/IOKit
0x000000000a2f7000 	/usr/lib/libDiagnosticMessagesClient.dylib
0x000000000a2f7000 	/System/Library/Frameworks/CoreServices.framework/Versions/A/CoreServices
0x000000000a2f7000 	/System/Library/PrivateFrameworks/PerformanceAnalysis.framework/Versions/A/PerformanceAnalysis
0x000000000a2f7000 	/System/Library/PrivateFrameworks/GenerationalStorage.framework/Versions/A/GenerationalStorage
0x000000000a2f7000 	/System/Library/Frameworks/OpenGL.framework/Versions/A/OpenGL
0x000000000a2f7000 	/System/Library/PrivateFrameworks/Sharing.framework/Versions/A/Sharing
0x000000000a2f7000 	/System/Library/Frameworks/CoreGraphics.framework/Versions/A/CoreGraphics
0x000000000a2f7000 	/System/Library/Frameworks/CoreImage.framework/Versions/A/CoreImage
0x000000000a2f7000 	/System/Library/Frameworks/CoreText.framework/Versions/A/CoreText
0x000000000a2f7000 	/System/Library/Frameworks/ImageIO.framework/Versions/A/ImageIO
0x000000000a2f7000 	/System/Library/PrivateFrameworks/Backup.framework/Versions/A/Backup
0x000000000a2f7000 	/usr/lib/libextension.dylib
0x000000000a2f7000 	/usr/lib/libarchive.2.dylib
0x000000000a2f7000 	/System/Library/Frameworks/CFNetwork.framework/Versions/A/CFNetwork
0x000000000a2f7000 	/System/Library/Frameworks/SystemConfiguration.framework/Versions/A/SystemConfiguration
0x000000000a2f7000 	/usr/lib/libCRFSuite.dylib
0x000000000a2f7000 	/usr/lib/libc++.1.dylib
0x000000000a2f7000 	/usr/lib/libc++abi.dylib
0x000000000a2f7000 	/usr/lib/system/libcache.dylib
0x000000000a2f7000 	/usr/lib/system/libcommonCrypto.dylib
0x000000000a2f7000 	/usr/lib/system/libcompiler_rt.dylib
0x000000000a2f7000 	/usr/lib/system/libcopyfile.dylib
0x000000000a2f7000 	/usr/lib/system/libcorecrypto.dylib
0x000000000a2f7000 	/usr/lib/system/libdispatch.dylib
0x000000000a2f7000 	/usr/lib/system/libdyld.dylib
0x000000000a2f7000 	/usr/lib/system/libkeymgr.dylib
0x000000000a2f7000 	/usr/lib/system/liblaunch.dylib
0x000000000a2f7000 	/usr/lib/system/libmacho.dylib
0x000000000a2f7000 	/usr/lib/system/libquarantine.dylib
0x000000000a2f7000 	/usr/lib/system/libremovefile.dylib
0x000000000a2f7000 	/usr/lib/system/libsystem_asl.dylib
0x000000000a2f7000 	/usr/lib/system/libsystem_blocks.dylib
0x000000000a2f7000 	/usr/lib/system/libsystem_c.dylib
0x000000000a2f7000 	/usr/lib/system/libsystem_configuration.dylib
0x000000000a2f7000 	/usr/lib/system/libsystem_coreservices.dylib
0x000000000a2f7000 	/usr/lib/system/libsystem_coretls.dylib
0x000000000a2f7000 	/usr/lib/system/libsystem_dnssd.dylib
0x000000000a2f7000 	/usr/lib/system/libsystem_info.dylib
0x000000000a2f7000 	/usr/lib/system/libsystem_kernel.dylib
0x000000000a2f7000 	/usr/lib/system/libsystem_m.dylib
0x000000000a2f7000 	/usr/lib/system/libsystem_malloc.dylib
0x000000000a2f7000 	/usr/lib/system/libsystem_network.dylib
0x000000000a2f7000 	/usr/lib/system/libsystem_networkextension.dylib
0x000000000a2f7000 	/usr/lib/system/libsystem_notify.dylib
0x000000000a2f7000 	/usr/lib/system/libsystem_platform.dylib
0x000000000a2f7000 	/usr/lib/system/libsystem_pthread.dylib
0x000000000a2f7000 	/usr/lib/system/libsystem_sandbox.dylib
0x000000000a2f7000 	/usr/lib/system/libsystem_secinit.dylib
0x000000000a2f7000 	/usr/lib/system/libsystem_trace.dylib
0x000000000a2f7000 	/usr/lib/system/libunc.dylib
0x000000000a2f7000 	/usr/lib/system/libunwind.dylib
0x000000000a2f7000 	/usr/lib/system/libxpc.dylib
0x000000000a2f7000 	/usr/lib/libenergytrace.dylib
0x000000000a2f7000 	/usr/lib/libbsm.0.dylib
0x000000000a2f7000 	/usr/lib/system/libkxld.dylib
0x000000000a2f7000 	/usr/lib/libxar.1.dylib
0x000000000a2f7000 	/usr/lib/libsqlite3.dylib
0x000000000a2f7000 	/usr/lib/libpam.2.dylib
0x000000000a2f7000 	/usr/lib/libOpenScriptingUtil.dylib
0x000000000a2f7000 	/usr/lib/libbz2.1.0.dylib
0x000000000a2f7000 	/usr/lib/liblzma.5.dylib
0x000000000a2f7000 	/System/Library/Frameworks/CoreServices.framework/Versions/A/Frameworks/FSEvents.framework/Versions/A/FSEvents
0x000000000a2f7000 	/System/Library/Frameworks/CoreServices.framework/Versions/A/Frameworks/CarbonCore.framework/Versions/A/CarbonCore
0x000000000a2f7000 	/System/Library/Frameworks/CoreServices.framework/Versions/A/Frameworks/Metadata.framework/Versions/A/Metadata
0x000000000a2f7000 	/System/Library/Frameworks/CoreServices.framework/Versions/A/Frameworks/OSServices.framework/Versions/A/OSServices
0x000000000a2f7000 	/System/Library/Frameworks/CoreServices.framework/Versions/A/Frameworks/SearchKit.framework/Versions/A/SearchKit
0x000000000a2f7000 	/System/Library/Frameworks/CoreServices.framework/Versions/A/Frameworks/AE.framework/Versions/A/AE
0x000000000a2f7000 	/System/Library/Frameworks/CoreServices.framework/Versions/A/Frameworks/LaunchServices.framework/Versions/A/LaunchServices
0x000000000a2f7000 	/System/Library/Frameworks/CoreServices.framework/Versions/A/Frameworks/DictionaryServices.framework/Versions/A/DictionaryServices
0x000000000a2f7000 	/System/Library/Frameworks/CoreServices.framework/Versions/A/Frameworks/SharedFileList.framework/Versions/A/SharedFileList
0x000000000a2f7000 	/System/Library/Frameworks/NetFS.framework/Versions/A/NetFS
0x000000000a2f7000 	/System/Library/PrivateFrameworks/NetAuth.framework/Versions/A/NetAuth
0x000000000a2f7000 	/System/Library/PrivateFrameworks/login.framework/Versions/A/Frameworks/loginsupport.framework/Versions/A/loginsupport
0x000000000a2f7000 	/System/Library/PrivateFrameworks/TCC.framework/Versions/A/TCC
0x000000000a2f7000 	/usr/lib/libmecabra.dylib
0x000000000a2f7000 	/System/Library/Frameworks/ApplicationServices.framework/Versions/A/Frameworks/ATS.framework/Versions/A/ATS
0x000000000a2f7000 	/System/Library/Frameworks/ApplicationServices.framework/Versions/A/Frameworks/ColorSync.framework/Versions/A/ColorSync
0x000000000a2f7000 	/System/Library/Frameworks/ApplicationServices.framework/Versions/A/Frameworks/HIServices.framework/Versions/A/HIServices
0x000000000a2f7000 	/System/Library/Frameworks/ApplicationServices.framework/Versions/A/Frameworks/LangAnalysis.framework/Versions/A/LangAnalysis
0x000000000a2f7000 	/System/Library/Frameworks/ApplicationServices.framework/Versions/A/Frameworks/PrintCore.framework/Versions/A/PrintCore
0x000000000a2f7000 	/System/Library/Frameworks/ApplicationServices.framework/Versions/A/Frameworks/QD.framework/Versions/A/QD
0x000000000a2f7000 	/System/Library/Frameworks/ApplicationServices.framework/Versions/A/Frameworks/SpeechSynthesis.framework/Versions/A/SpeechSynthesis
0x000000000a2f7000 	/System/Library/Frameworks/Metal.framework/Versions/A/Metal
0x000000000a2f7000 	/System/Library/Frameworks/Accelerate.framework/Versions/A/Frameworks/vImage.framework/Versions/A/vImage
0x000000000a2f7000 	/System/Library/Frameworks/Accelerate.framework/Versions/A/Frameworks/vecLib.framework/Versions/A/vecLib
0x000000000a2f7000 	/System/Library/Frameworks/Accelerate.framework/Versions/A/Frameworks/vecLib.framework/Versions/A/libvDSP.dylib
0x000000000a2f7000 	/System/Library/Frameworks/Accelerate.framework/Versions/A/Frameworks/vecLib.framework/Versions/A/libvMisc.dylib
0x000000000a2f7000 	/System/Library/Frameworks/Accelerate.framework/Versions/A/Frameworks/vecLib.framework/Versions/A/libLAPACK.dylib
0x000000000a2f7000 	/System/Library/Frameworks/Accelerate.framework/Versions/A/Frameworks/vecLib.framework/Versions/A/libBLAS.dylib
0x000000000a2f7000 	/System/Library/Frameworks/Accelerate.framework/Versions/A/Frameworks/vecLib.framework/Versions/A/libLinearAlgebra.dylib
0x000000000a2f7000 	/System/Library/Frameworks/Accelerate.framework/Versions/A/Frameworks/vecLib.framework/Versions/A/libSparseBLAS.dylib
0x000000000a2f7000 	/System/Library/PrivateFrameworks/GPUCompiler.framework/libmetal_timestamp.dylib
0x000000000a2f7000 	/System/Library/Frameworks/OpenGL.framework/Versions/A/Libraries/libCoreFSCache.dylib
0x000000000a2f7000 	/System/Library/PrivateFrameworks/IOAccelerator.framework/Versions/A/IOAccelerator
0x000000000a2f7000 	/System/Library/Frameworks/ApplicationServices.framework/Versions/A/Frameworks/ATS.framework/Versions/A/Resources/libFontParser.dylib
0x000000000a2f7000 	/System/Library/Frameworks/ApplicationServices.framework/Versions/A/Frameworks/ATS.framework/Versions/A/Resources/libFontRegistry.dylib
0x000000000a2f7000 	/System/Library/PrivateFrameworks/AppleVPA.framework/Versions/A/AppleVPA
0x000000000a2f7000 	/System/Library/PrivateFrameworks/AppleJPEG.framework/Versions/A/AppleJPEG
0x000000000a2f7000 	/System/Library/Frameworks/ImageIO.framework/Versions/A/Resources/libJPEG.dylib
0x000000000a2f7000 	/System/Library/Frameworks/ImageIO.framework/Versions/A/Resources/libTIFF.dylib
0x000000000a2f7000 	/System/Library/Frameworks/ImageIO.framework/Versions/A/Resources/libPng.dylib
0x000000000a2f7000 	/System/Library/Frameworks/ImageIO.framework/Versions/A/Resources/libGIF.dylib
0x000000000a2f7000 	/System/Library/Frameworks/ImageIO.framework/Versions/A/Resources/libJP2.dylib
0x000000000a2f7000 	/System/Library/Frameworks/ImageIO.framework/Versions/A/Resources/libRadiance.dylib
0x000000000a2f7000 	/System/Library/Frameworks/CoreVideo.framework/Versions/A/CoreVideo
0x000000000a2f7000 	/System/Library/Frameworks/OpenGL.framework/Versions/A/Libraries/libGLU.dylib
0x000000000a2f7000 	/System/Library/Frameworks/OpenGL.framework/Versions/A/Libraries/libGFXShared.dylib
0x000000000a2f7000 	/System/Library/Frameworks/OpenGL.framework/Versions/A/Libraries/libGL.dylib
0x000000000a2f7000 	/System/Library/Frameworks/OpenGL.framework/Versions/A/Libraries/libGLImage.dylib
0x000000000a2f7000 	/System/Library/Frameworks/OpenGL.framework/Versions/A/Libraries/libCVMSPluginSupport.dylib
0x000000000a2f7000 	/System/Library/Frameworks/OpenGL.framework/Versions/A/Libraries/libCoreVMClient.dylib
0x000000000a2f7000 	/usr/lib/libcompression.dylib
0x000000000a2f7000 	/usr/lib/libcups.2.dylib
0x000000000a2f7000 	/System/Library/Frameworks/Kerberos.framework/Versions/A/Kerberos
0x000000000a2f7000 	/System/Library/Frameworks/GSS.framework/Versions/A/GSS
0x000000000a2f7000 	/usr/lib/libresolv.9.dylib
0x000000000a2f7000 	/usr/lib/libiconv.2.dylib
0x000000000a2f7000 	/System/Library/PrivateFrameworks/Heimdal.framework/Versions/A/Heimdal
0x000000000a2f7000 	/usr/lib/libheimdal-asn1.dylib
0x000000000a2f7000 	/System/Library/Frameworks/OpenDirectory.framework/Versions/A/OpenDirectory
0x000000000a2f7000 	/System/Library/PrivateFrameworks/CommonAuth.framework/Versions/A/CommonAuth
0x000000000a2f7000 	/System/Library/Frameworks/OpenDirectory.framework/Versions/A/Frameworks/CFOpenDirectory.framework/Versions/A/CFOpenDirectory
0x000000000a2f7000 	/System/Library/Frameworks/SecurityFoundation.framework/Versions/A/SecurityFoundation
0x000000000a2f7000 	/System/Library/PrivateFrameworks/LanguageModeling.framework/Versions/A/LanguageModeling
0x000000000a2f7000 	/usr/lib/libmarisa.dylib
0x000000000a2f7000 	/usr/lib/libChineseTokenizer.dylib
0x000000000a2f7000 	/usr/lib/libcmph.dylib
0x000000000a2f7000 	/System/Library/Frameworks/ServiceManagement.framework/Versions/A/ServiceManagement
0x000000000a2f7000 	/usr/lib/libxslt.1.dylib
0x000000000a2f7000 	/System/Library/Frameworks/Carbon.framework/Versions/A/Frameworks/Ink.framework/Versions/A/Ink
0x000000000a2f7000 	/usr/lib/libFosl_dynamic.dylib
0x000000000a2f7000 	/System/Library/PrivateFrameworks/FaceCore.framework/Versions/A/FaceCore
0x000000000a2f7000 	/System/Library/Frameworks/OpenCL.framework/Versions/A/OpenCL
0x000000000a2f7000 	/System/Library/PrivateFrameworks/CrashReporterSupport.framework/Versions/A/CrashReporterSupport
0x000000000a2f7000 	/System/Library/PrivateFrameworks/IconServices.framework/Versions/A/IconServices
0x000000000a2f7000 	/System/Library/PrivateFrameworks/Apple80211.framework/Versions/A/Apple80211
0x000000000a2f7000 	/System/Library/Frameworks/CoreWLAN.framework/Versions/A/CoreWLAN
0x000000000a2f7000 	/System/Library/Frameworks/IOBluetooth.framework/Versions/A/IOBluetooth
0x000000000a2f7000 	/System/Library/PrivateFrameworks/CoreWiFi.framework/Versions/A/CoreWiFi
0x000000000a2f7000 	/System/Library/Frameworks/CoreBluetooth.framework/Versions/A/CoreBluetooth
0x000000000a2f7000 	/System/Library/PrivateFrameworks/ChunkingLibrary.framework/Versions/A/ChunkingLibrary
0x000000000a2f7000 	/System/Library/PrivateFrameworks/DebugSymbols.framework/Versions/A/DebugSymbols
0x000000000a2f7000 	/System/Library/PrivateFrameworks/CoreSymbolication.framework/Versions/A/CoreSymbolication
0x000000000a2f7000 	/System/Library/PrivateFrameworks/Symbolication.framework/Versions/A/Symbolication
0x000000000a2f7000 	/System/Library/PrivateFrameworks/SpeechRecognitionCore.framework/Versions/A/SpeechRecognitionCore
0x00000001082bd000 	/Library/Java/JavaVirtualMachines/jdk1.8.0_91.jdk/Contents/Home/jre/lib/server/libjvm.dylib
0x000000000a2f7000 	/usr/lib/libstdc++.6.dylib
0x0000000109251000 	/Library/Java/JavaVirtualMachines/jdk1.8.0_91.jdk/Contents/Home/jre/lib/libverify.dylib
0x000000010925f000 	/Library/Java/JavaVirtualMachines/jdk1.8.0_91.jdk/Contents/Home/jre/lib/libjava.dylib
0x0000000109295000 	/Library/Java/JavaVirtualMachines/jdk1.8.0_91.jdk/Contents/Home/jre/lib/libjdwp.dylib
0x00000001092e0000 	/Library/Java/JavaVirtualMachines/jdk1.8.0_91.jdk/Contents/Home/jre/lib/libnpt.dylib
0x00000001092ed000 	/Library/Java/JavaVirtualMachines/jdk1.8.0_91.jdk/Contents/Home/jre/lib/libzip.dylib
0x000000011f461000 	/System/Library/Frameworks/JavaVM.framework/Frameworks/JavaRuntimeSupport.framework/JavaRuntimeSupport
0x000000011f47c000 	/System/Library/Frameworks/JavaVM.framework/Versions/A/Frameworks/JavaNativeFoundation.framework/Versions/A/JavaNativeFoundation
0x000000011f491000 	/System/Library/Frameworks/JavaVM.framework/Versions/A/JavaVM
0x000000000a2f7000 	/System/Library/Frameworks/Carbon.framework/Versions/A/Carbon
0x000000011f49e000 	/System/Library/PrivateFrameworks/JavaLaunching.framework/Versions/A/JavaLaunching
0x000000000a2f7000 	/System/Library/Frameworks/Carbon.framework/Versions/A/Frameworks/CommonPanels.framework/Versions/A/CommonPanels
0x000000000a2f7000 	/System/Library/Frameworks/Carbon.framework/Versions/A/Frameworks/Help.framework/Versions/A/Help
0x000000000a2f7000 	/System/Library/Frameworks/Carbon.framework/Versions/A/Frameworks/ImageCapture.framework/Versions/A/ImageCapture
0x000000000a2f7000 	/System/Library/Frameworks/Carbon.framework/Versions/A/Frameworks/OpenScripting.framework/Versions/A/OpenScripting
0x000000000a2f7000 	/System/Library/Frameworks/Carbon.framework/Versions/A/Frameworks/Print.framework/Versions/A/Print
0x000000000a2f7000 	/System/Library/Frameworks/Carbon.framework/Versions/A/Frameworks/SecurityHI.framework/Versions/A/SecurityHI
0x0000000120dbc000 	/Library/Java/JavaVirtualMachines/jdk1.8.0_91.jdk/Contents/Home/jre/lib/libdt_socket.dylib

VM Arguments:
jvm_args: -agentlib:jdwp=transport=dt_socket,address=127.0.0.1:54074,suspend=y,server=n -Dfile.encoding=UTF-8 
java_command: com.company.OneEditDistanceTest
java_class_path (initial): /Library/Java/JavaVirtualMachines/jdk1.8.0_91.jdk/Contents/Home/jre/lib/charsets.jar:/Library/Java/JavaVirtualMachines/jdk1.8.0_91.jdk/Contents/Home/jre/lib/deploy.jar:/Library/Java/JavaVirtualMachines/jdk1.8.0_91.jdk/Contents/Home/jre/lib/ext/cldrdata.jar:/Library/Java/JavaVirtualMachines/jdk1.8.0_91.jdk/Contents/Home/jre/lib/ext/dnsns.jar:/Library/Java/JavaVirtualMachines/jdk1.8.0_91.jdk/Contents/Home/jre/lib/ext/jaccess.jar:/Library/Java/JavaVirtualMachines/jdk1.8.0_91.jdk/Contents/Home/jre/lib/ext/jfxrt.jar:/Library/Java/JavaVirtualMachines/jdk1.8.0_91.jdk/Contents/Home/jre/lib/ext/localedata.jar:/Library/Java/JavaVirtualMachines/jdk1.8.0_91.jdk/Contents/Home/jre/lib/ext/nashorn.jar:/Library/Java/JavaVirtualMachines/jdk1.8.0_91.jdk/Contents/Home/jre/lib/ext/sunec.jar:/Library/Java/JavaVirtualMachines/jdk1.8.0_91.jdk/Contents/Home/jre/lib/ext/sunjce_provider.jar:/Library/Java/JavaVirtualMachines/jdk1.8.0_91.jdk/Contents/Home/jre/lib/ext/sunpkcs11.jar:/Library/Java/JavaVirtualMachines/jdk1.8.0_91.jdk/Contents/Home/jre/lib/ext/zipfs.jar:/Library/Java/JavaVirtualMachines/jdk1.8.0_91.jdk/Contents/Home/jre/lib/javaws.jar:/Library/Java/JavaVirtualMachines/jdk1.8.0_91.jdk/Contents/Home/jre/lib/jce.jar:/Library/Java/JavaVirtualMachines/jdk1.8.0_91.jdk/Contents/Home/jre/lib/jfr.jar:/Library/Java/JavaVirtualMachines/jdk1.8.0_91.jdk/Contents/Home/jre/lib/jfxswt.jar:/Library/Java/JavaVirtualMachines/jdk1.8.0_91.jdk/Contents/Home/jre/lib/jsse.jar:/Library/Java/JavaVirtualMachines/jdk1.8.0_91.jdk/Contents/Home/jre/lib/management-agent.jar:/Library/Java/JavaVirtualMachines/jdk1.8.0_91.jdk/Contents/Home/jre/lib/plugin.jar:/Library/Java/JavaVirtualMachines/jdk1.8.0_91.jdk/Contents/Home/jre/lib/resources.jar:/Library/Java/JavaVirtualMachines/jdk1.8.0_91.jdk/Contents/Home/jre/lib/rt.jar:/Library/Java/JavaVirtualMachines/jdk1.8.0_91.jdk/Contents/Home/lib/ant-javafx.jar:/Library/Java/JavaVirtualMachines/jdk1.8.0_91.jdk/Contents/Home/lib/dt.jar:/Library/Ja
Launcher Type: SUN_STANDARD

Environment Variables:
PATH=/usr/local/bin:/usr/bin:/bin:/usr/sbin:/sbin
SHELL=/bin/bash

Signal Handlers:
SIGSEGV: [libjvm.dylib+0x5a97a1], sa_mask[0]=11111111011111110111111111111111, sa_flags=SA_ONSTACK|SA_RESTART|SA_SIGINFO
SIGBUS: [libjvm.dylib+0x5a97a1], sa_mask[0]=11111111011111110111111111111111, sa_flags=SA_RESTART|SA_SIGINFO
SIGFPE: [libjvm.dylib+0x482594], sa_mask[0]=11111111011111110111111111111111, sa_flags=SA_RESTART|SA_SIGINFO
SIGPIPE: [libjvm.dylib+0x482594], sa_mask[0]=11111111011111110111111111111111, sa_flags=SA_RESTART|SA_SIGINFO
SIGXFSZ: [libjvm.dylib+0x482594], sa_mask[0]=11111111011111110111111111111111, sa_flags=SA_RESTART|SA_SIGINFO
SIGILL: [libjvm.dylib+0x482594], sa_mask[0]=11111111011111110111111111111111, sa_flags=SA_RESTART|SA_SIGINFO
SIGUSR1: SIG_DFL, sa_mask[0]=00000000000000000000000000000000, sa_flags=none
SIGUSR2: [libjvm.dylib+0x4820b2], sa_mask[0]=00100000000000000000000000000000, sa_flags=SA_RESTART|SA_SIGINFO
SIGHUP: [libjvm.dylib+0x480689], sa_mask[0]=11111111011111110111111111111111, sa_flags=SA_RESTART|SA_SIGINFO
SIGINT: [libjvm.dylib+0x480689], sa_mask[0]=11111111011111110111111111111111, sa_flags=SA_RESTART|SA_SIGINFO
SIGTERM: [libjvm.dylib+0x480689], sa_mask[0]=11111111011111110111111111111111, sa_flags=SA_RESTART|SA_SIGINFO
SIGQUIT: [libjvm.dylib+0x480689], sa_mask[0]=11111111011111110111111111111111, sa_flags=SA_RESTART|SA_SIGINFO


---------------  S Y S T E M  ---------------

OS:Bsduname:Darwin 15.5.0 Darwin Kernel Version 15.5.0: Tue Apr 19 18:36:36 PDT 2016; root:xnu-3248.50.21~8/RELEASE_X86_64 x86_64
rlimit: STACK 8192k, CORE 0k, NPROC 709, NOFILE 10240, AS infinity
load average:2.45 2.11 2.12

CPU:total 4 (4 cores per cpu, 1 threads per core) family 6 model 94 stepping 3, cmov, cx8, fxsr, mmx, sse, sse2, sse3, ssse3, sse4.1, sse4.2, popcnt, avx, avx2, aes, clmul, erms, rtm, 3dnowpref, lzcnt, tsc, tscinvbit, bmi1, bmi2, adx

Memory: 4k page, physical 8388608k(2211368k free)

/proc/meminfo:


vm_info: Java HotSpot(TM) 64-Bit Server VM (25.91-b14) for bsd-amd64 JRE (1.8.0_91-b14), built on Apr  1 2016 01:03:00 by "java_re" with gcc 4.2.1 (Based on Apple Inc. build 5658) (LLVM build 2336.11.00)

time: Tue Jul 12 21:42:58 2016
elapsed time: 2494 seconds (0d 0h 41m 34s)

